TN:
SF:src/helper.js
FN:6,getDiff
FN:25,objToString
FN:34,genDiff
FNF:3
FNH:3
FNDA:1,getDiff
FNDA:1,objToString
FNDA:1,genDiff
DA:1,1
DA:2,1
DA:3,1
DA:4,1
DA:5,1
DA:6,1
DA:7,1
DA:8,1
DA:9,5
DA:10,2
DA:11,1
DA:12,1
DA:13,1
DA:14,1
DA:15,1
DA:16,5
DA:17,2
DA:18,3
DA:19,1
DA:20,1
DA:21,5
DA:22,1
DA:23,1
DA:24,1
DA:25,1
DA:26,1
DA:27,1
DA:28,1
DA:29,1
DA:30,1
DA:31,1
DA:32,1
DA:33,1
DA:34,1
DA:35,1
DA:36,1
DA:37,1
DA:38,1
DA:39,1
DA:40,1
DA:41,1
DA:42,1
DA:43,1
LF:43
LH:43
BRDA:6,0,0,1
BRDA:8,1,0,5
BRDA:9,2,0,4
BRDA:9,3,0,2
BRDA:10,4,0,1
BRDA:16,5,0,3
BRDA:16,6,0,2
BRDA:16,7,0,2
BRDA:18,8,0,1
BRDA:25,9,0,1
BRDA:34,10,0,1
BRF:11
BRH:11
end_of_record
